c Plingeling Parallel SAT Solver
c 
c Version bcj 78ebb8672540bde0a335aea946bbf32515157d5a
c 
c Copyright (C) 2010-2016 Armin Biere JKU Linz Austria.
c All rights reserved.
c 
c released Thu May 17 11:57:41 CEST 2018
c compiled Sun Dec  1 17:34:38 CET 2019
c 
c gcc (GCC) 9.2.0
c -Wall -O3 -DNLGLOG -DNDEBUG -DNCHKSOL -DNLGLDRUPLIG -DNLGLYALSAT
c -DNLGLFILES -DNLGLDEMA
c Linux archT3 5.3.13-arch1-1 x86_64
c 
c - W    0.0 assuming cores = number of processors reported by 'sysconf' = 4
c - W    0.0 USING 4 WORKER THREADS
c - W    0.0 16303324 KB total memory according to /proc/meminfo
c - W    0.0 soft memory limit set to 5308 MB
c - W    0.0 default garbage collection limit 1
c - W    0.0 sharing of units enabled
c - W    0.0 sharing of clauses enabled
c - W    0.0 sharing of equivalences enabled
c - W    0.0 parsing 22-restricted_delta3_gtop.cnf
c - W    0.1 clause length between 1 and 276
c - W    0.1 average literal occurrence 108.59
c - W    0.1 literal occurrence standard deviation 279.29
c - W    0.1 relative literal occurrence standard deviation 257.19%
c - W    0.1 instance does not seem to be uniform random
c - W    0.1 trying to clone worker 1 from worker 0
c - W    0.1 prediction: 9 MB to be cloned + allocated 9 MB = 17 MB
c - W    0.1 11 MB total allocated memory after cloning worker 1 from worker 0
c - W    0.1 simplifying original formula with worker 0
c 
c    seconds         irredundant            redundant clauses   glue   iterations"      MB    stability
c            variables clauses conflicts  large ternary binary     jlevel       jlevel'  agility     tlevel
c 
c 0  S    0.0    2672   123093         0       0      0     0    0     0      0     0    7   1     0      0
c 1  S    0.0    2672   123093         0       0      0     0    0     0      0     0    7   1     0      0
c 
c    seconds         irredundant            redundant clauses   glue   iterations"      MB    stability
c            variables clauses conflicts  large ternary binary     jlevel       jlevel'  agility     tlevel
c 
c - W    0.3 trying to clone 2 workers
c - W    0.3 trying to clone worker 2 from worker 0
c - W    0.3 prediction: 7 MB to be cloned + allocated 14 MB = 20 MB
c - W    0.3 16 MB total allocated memory after cloning worker 2 from worker 0
c - W    0.3 trying to clone worker 3 from worker 0
c - W    0.3 prediction: 5 MB to be cloned + allocated 16 MB = 21 MB
c - W    0.3 21 MB total allocated memory after cloning worker 3 from worker 0
c 1  S    1.0    2593   100359     15651    7533    355   120    9   131   6515   -21    8   2   998    917
c 3  P    1.8    2513    99751      1000   10811  84529  1454    3    72    291     7   12   4   998    451
c 2  P    1.9    2513    99751      1000   15131  85944  1463    3    85    291    17   13   5     0    585
c 0  P    2.0    2513    99751      1000   11192  85957  1429    3    70    291     5   13   4   991    429
c 1  S    2.0    2593   100359     31460   11725    471   143   10   121   7816   -13   13   2   998    913
c 3  S    2.1    2513    99751      1000   10811 128057  2269    3    72    291     7   20   4   998    451
c 2  S    2.2    2513    99751      1000   15131  88947  1593    3    85    291    17   11   5     0    585
c 0  S    2.4    2513    99751      1000   11192 128328  2244    3    70    291     5   20   4   991    429
c 1  S    5.0    2586   100247     77668   27509    613   194   14   173   8023    14   16   3   998   1417
c 3  S    5.0    2493    98719     12295   38666 101069  8329    5    96   5860    22   18   3   998    965
c 0  S    5.0    2492    98769     11001   28839 105370  7214    5    96   5512    32   10   3   996    968
c 2  S    5.1    2492    98764     23710   39430  69160  5516    9   178   7444    40   16   3   999   1693
c 0  S   10.0    2479    98526     46488   47615  93797  6398    9   116   8097    -0   18   2   997   1062
c 3  S   10.0    2481    98498     44303   55099  96647  6720    9   115   8080     0   19   2   998   1097
c 2  S   10.0    2471    98420     83426   61394  65628  5104   19   211   7984   -22   18   3   999   1640
c 1  S   10.0    2584   100243    163503   54909    922   238   19   174   7154   -22   20   3   999   1574
c 1  S   20.0    2481   100151    307733   81656   1611   301   20   183   5741    25   23   2   999   1458
c 3  S   20.0    2382    95960    164128   85222  40226  2532   18   197   7149    22   20   2   998   1563
c 0  S   20.0    2383    98439    180601   89297  52591  4799   20   204   6972    22   20   3   998   1488
c 2  P   20.2    2375    98327    205347   92953  59351  4879   25   181   6711    27   21   2   999   1527
c 0  P   30.0    2381    95749    302733  105870      0     0   20    77   5785     0   20   3   999   1150
c 1  S   30.0    2481   100151    440071  107483   2399   330   20   148   4748    -9   28   3   999   1419
c 3  S   30.0    2382    95956    297604  102497  42673  2548   20   179   5829    55   32   3   999   1366
c 2  S   30.0    2293    94803    326864  106326   8244   490   31   157   5581    25   22   1   999   1299
c 0  S   40.0    2372    95698    456353  108464  29644  3374   19    72   4643    37   22   2   999   1270
c 3  S   40.0    2345    95442    419276  116327  35172  3024   19    43   4887    -4   34   3   999    942
c 2  S   40.0    2293    94800    468112  122487  11356   584   24   114   4570    37   24   1   999   1394
c 1  S   40.0    2478    97266    587436  110627   4199   288   20   152   3916   -28   21   3   999   1309
c 0  S   50.0    2372    95694    588462  119384  31830  3455   19    36   3911   -13   23   1   999    911
c 1  S   50.0    2478    97266    744742  117952   4404   293   20    40   3259    -4   33   1   999   1098
c 2  S   50.0    2293    94800    603089  119777  11560   590   26    95   3842   -18   32   2   999   1261
c 3  S   50.0    2345    95436    555418  124292  38784  3078   20    64   4077    21   25   2   999   1207
c 0  S   60.0    2372    95694    734162  123425  32028  3457   19    42   3297   -16   35   1   999    955
c 1  S   60.0    2478    97266    890738  126766   4589   293   19    61   2798   -28   35   1   999    887
c 3  S   60.0    2345    95436    705445  141407  38822  3080   19    64   3405    27   30   3   999   1203
c 2  S   60.0    2293    94800    737705  127568  11711   592   32   101   3284   -26   35   1  1000   1393
c 1  S  120.0    2478    97266   1790124  142641   5043   305   20    62   1440    17   30   1  1000   1205
c 0  S  120.0    2372    95692   1584822  154871  37108  3345   20    43   1624    -5   31   1  1000   1250
c 3  S  120.0    2345    95434   1527268  162135  43099  3007   20    45   1685   -21   32   1  1000   1005
c 2  S  120.0    2293    94799   1466206  164518  20517   927   24    30   1753    -4   33   1  1000    916
c 1  S  180.0    2478    97266   2631852  160814   5398   315   18    34    980     9   31   1  1000   1228
c 0  S  180.0    2372    95690   2316991  171902  50962  3459   20    44   1114     0   36   2  1000   1307
c 3  S  180.1    2345    95433   2186855  174357  54648  3394   22    40   1180   -11   38   3  1000   1285
c 2  S  180.1    2293    94799   2067392  164707  20525   930   26    47   1248     0   38   4  1000   1324
c 2  S  240.0    2243    83373   2587039  135305  55967  2147   21    34    997    -0   37   1  1000   1012
c 1  S  240.0    2340    97266   3408433  188692   6079   322   20    39    757   -10   36   1  1000    980
c 0  S  240.0    2253    95690   2682834  183457  51299  3462   21    25  -3704    -1   43   3  1000   1276
c 3  S  240.1    2251    95433   2678663  205067  55069  3397   21    35    963    -5   50   4  1000   1228
c 2  S  300.0    2243    83373   3073275  144928  56176  2151   23    32    840     3   38   1  1000   1152
c 1  S  300.0    2331    84590   4131404  195076  19245   214   16    24    625    -5   50   1  1000    927
c 0  S  300.1    2242    83372   3168033  168929  65924  2417   17    32    194    13   39   2  1000   1009
c 3  S  300.2    2239    83404   2980710  173996  62726  2244   20    37    866    -9   65   3  1000   1206
c 2  S  600.0    2241    81363   5625285  211938  71218  2314   27    75    459   -10   61   1  1000   1260
c 3  S  600.0    2238    81401   4678254  207634  78159  2493   20    25    552    -2   55   4  1000   1549
c 0  S  600.1    2239    81364   5459367  194777  79274  2433   20    35    473    -3   72   1  1000   1046
c 1  S  600.1    2330    84590   6395367  248684  21484   224   22    31    403     1   81   3  1000   1343
c 
c    seconds         irredundant            redundant clauses   glue   iterations"      MB    stability
c            variables clauses conflicts  large ternary binary     jlevel       jlevel'  agility     tlevel
c 
c - W  860.0 worker 2 is the WINNER with result 10
c
c  1 PROD  391266  30% =      44 units  15% +  391197 cls  30% +      25 eqs  19%
c  0 prod  338389  26% =     170 units  58% +  338135 cls  26% +      84 eqs  65%
c  3 prod  326489  25% =      58 units  20% +  326423 cls  25% +       8 eqs   6%
c  2 prod  242287  19% =      21 units   7% +  242253 cls  19% +      13 eqs  10%
c -------------------------------------------------------------------------------
c    prod 1298431 100% =     293 units 100% + 1298008 cls 100% +     130 eqs 100%
c
c  1 CONS     221   0% =     214 units  73% +       0 cls   0% +       7 eqs   5%
c  3 cons     137   0% =      99 units  34% +       0 cls   0% +      38 eqs  29%
c  2 cons     101   0% =      99 units  34% +       0 cls   0% +       2 eqs   2%
c  0 cons      67   0% =      62 units  21% +       0 cls   0% +       5 eqs   4%
c -------------------------------------------------------------------------------
c    cons     526   0% =     474 units 162% +       0 cls   0% +      52 eqs  40%
s SATISFIABLE
v -1 -2 -3 -4 -5 6 7
v 8 9 10 11 -12 -13 -14 -15
v -16 17 -18 19 -20 -21 -22 -23
v -24 -25 26 -27 -28 -29 -30 -31
v -32 33 34 35 -36 -37 -38 -39
v -40 41 42 43 44 45 46 47
v -48 -49 -50 51 52 53 -54 55
v -56 -57 -58 59 -60 -61 -62 63
v -64 65 66 -67 68 -69 -70 71
v 72 -73 74 75 -76 77 -78 -79
v 80 81 -82 83 -84 -85 -86 87
v 88 -89 -90 91 -92 93 -94 -95
v 96 97 -98 -99 -100 -101 -102 -103
v -104 -105 -106 -107 108 -109 110 -111
v -112 -113 114 115 -116 117 -118 119
v -120 -121 -122 -123 124 -125 126 -127
v -128 -129 -130 -131 132 133 -134 135
v 136 137 138 -139 -140 141 -142 -143
v -144 -145 146 -147 -148 149 -150 -151
v 152 153 154 155 156 -157 158 159
v 160 161 -162 163 -164 165 -166 167
v -168 -169 -170 -171 -172 -173 174 -175
v 176 -177 178 -179 180 -181 -182 183
v -184 185 186 -187 -188 -189 -190 191
v 192 193 -194 -195 -196 -197 198 199
v 200 201 -202 -203 -204 -205 -206 -207
v -208 -209 -210 -211 -212 -213 -214 -215
v -216 -217 -218 -219 -220 -221 -222 -223
v -224 225 -226 -227 -228 -229 -230 -231
v -232 -233 -234 -235 -236 -237 -238 -239
v -240 -241 -242 -243 -244 -245 -246 -247
v -248 249 -250 -251 -252 -253 254 255
v 256 -257 258 -259 -260 -261 -262 263
v -264 -265 266 -267 -268 -269 -270 -271
v -272 273 -274 -275 276 -277 -278 -279
v -280 -281 -282 -283 -284 -285 -286 287
v -288 289 -290 -291 -292 -293 -294 -295
v -296 -297 -298 -299 -300 -301 -302 -303
v 304 305 306 -307 308 -309 -310 -311
v -312 -313 -314 -315 -316 -317 -318 -319
v -320 -321 -322 -323 -324 -325 -326 -327
v -328 329 330 331 -332 -333 -334 -335
v -336 -337 -338 -339 -340 -341 -342 -343
v -344 -345 -346 -347 -348 -349 -350 -351
v -352 -353 354 -355 -356 -357 -358 -359
v 360 -361 362 -363 -364 -365 -366 -367
v -368 -369 370 -371 -372 -373 -374 -375
v -376 -377 -378 -379 -380 -381 -382 -383
v -384 -385 -386 -387 -388 -389 -390 -391
v -392 -393 -394 -395 -396 -397 -398 -399
v -400 401 402 403 -404 -405 -406 -407
v -408 -409 -410 -411 -412 -413 -414 -415
v -416 -417 -418 -419 -420 -421 -422 -423
v -424 -425 -426 -427 -428 -429 -430 -431
v -432 -433 -434 -435 -436 -437 -438 -439
v -440 441 -442 -443 -444 -445 -446 -447
v -448 -449 -450 -451 452 -453 -454 -455
v -456 -457 -458 -459 -460 -461 -462 -463
v -464 -465 -466 -467 -468 -469 -470 -471
v -472 -473 -474 -475 -476 -477 -478 -479
v -480 -481 -482 -483 -484 -485 -486 -487
v -488 -489 -490 -491 -492 -493 -494 -495
v -496 -497 -498 -499 -500 -501 -502 503
v -504 -505 -506 -507 508 -509 510 -511
v -512 -513 -514 -515 -516 -517 -518 -519
v -520 -521 -522 -523 -524 -525 -526 -527
v -528 -529 -530 -531 -532 -533 -534 -535
v -536 -537 -538 -539 -540 -541 -542 -543
v -544 -545 -546 -547 -548 -549 -550 -551
v -552 -553 -554 -555 -556 -557 -558 -559
v -560 -561 -562 -563 -564 -565 -566 -567
v -568 -569 570 -571 -572 -573 -574 -575
v -576 -577 -578 -579 -580 581 -582 -583
v -584 -585 -586 -587 -588 -589 -590 -591
v 592 -593 -594 -595 -596 -597 -598 -599
v -600 -601 -602 -603 -604 -605 -606 -607
v -608 -609 -610 -611 -612 -613 -614 -615
v -616 -617 -618 -619 -620 -621 -622 -623
v -624 -625 -626 -627 -628 -629 -630 -631
v -632 -633 -634 -635 -636 -637 -638 -639
v -640 -641 -642 -643 -644 -645 -646 -647
v -648 -649 -650 -651 -652 -653 -654 -655
v -656 -657 -658 -659 -660 -661 -662 663
v -664 -665 -666 -667 -668 -669 -670 -671
v -672 -673 -674 -675 -676 -677 -678 -679
v -680 -681 -682 -683 -684 -685 -686 -687
v -688 -689 -690 -691 -692 -693 -694 -695
v -696 -697 -698 -699 -700 -701 -702 -703
v 704 -705 -706 -707 -708 -709 -710 -711
v -712 -713 -714 -715 -716 -717 -718 -719
v -720 -721 -722 -723 -724 -725 -726 -727
v -728 -729 -730 -731 -732 -733 -734 -735
v -736 -737 -738 -739 -740 -741 -742 -743
v -744 -745 -746 -747 -748 -749 -750 -751
v -752 -753 -754 -755 756 757 758 -759
v -760 -761 -762 -763 -764 -765 -766 -767
v -768 -769 -770 -771 -772 -773 -774 -775
v -776 -777 -778 -779 -780 -781 -782 -783
v -784 -785 -786 -787 -788 -789 -790 -791
v -792 -793 -794 -795 -796 -797 -798 -799
v -800 -801 -802 -803 -804 -805 -806 -807
v -808 -809 -810 -811 -812 -813 -814 -815
v -816 -817 -818 -819 -820 -821 -822 -823
v -824 -825 -826 -827 -828 -829 -830 -831
v -832 -833 -834 -835 -836 -837 -838 -839
v -840 -841 -842 -843 -844 -845 -846 -847
v -848 -849 -850 -851 -852 -853 -854 -855
v -856 -857 -858 -859 -860 -861 862 -863
v -864 -865 -866 867 -868 -869 -870 -871
v -872 -873 -874 -875 -876 -877 -878 -879
v -880 -881 -882 -883 -884 -885 -886 -887
v -888 -889 -890 -891 -892 -893 -894 895
v -896 -897 -898 -899 -900 -901 -902 -903
v -904 -905 -906 -907 -908 -909 -910 -911
v -912 -913 -914 -915 -916 -917 -918 -919
v -920 -921 -922 -923 -924 -925 -926 -927
v -928 -929 -930 -931 -932 -933 -934 -935
v -936 -937 -938 -939 -940 -941 -942 -943
v -944 -945 -946 -947 -948 -949 -950 -951
v -952 -953 -954 -955 -956 -957 -958 -959
v -960 -961 -962 -963 -964 -965 -966 -967
v -968 -969 -970 -971 -972 -973 -974 -975
v -976 -977 -978 -979 -980 -981 -982 -983
v -984 -985 -986 -987 -988 989 990 991
v -992 -993 -994 -995 -996 -997 -998 -999
v -1000 -1001 -1002 -1003 -1004 -1005 -1006 -1007
v -1008 -1009 -1010 -1011 -1012 -1013 -1014 -1015
v -1016 -1017 -1018 -1019 -1020 -1021 -1022 -1023
v -1024 -1025 -1026 -1027 -1028 -1029 -1030 -1031
v -1032 -1033 -1034 -1035 -1036 -1037 -1038 -1039
v -1040 -1041 -1042 -1043 -1044 -1045 -1046 -1047
v -1048 -1049 -1050 -1051 -1052 -1053 -1054 -1055
v -1056 -1057 -1058 -1059 -1060 -1061 -1062 -1063
v -1064 -1065 -1066 -1067 -1068 -1069 -1070 -1071
v -1072 -1073 -1074 -1075 -1076 -1077 -1078 -1079
v -1080 -1081 -1082 -1083 -1084 -1085 -1086 -1087
v -1088 -1089 -1090 -1091 -1092 -1093 -1094 -1095
v -1096 -1097 -1098 -1099 -1100 -1101 -1102 -1103
v -1104 -1105 -1106 -1107 -1108 -1109 -1110 -1111
v -1112 -1113 -1114 -1115 -1116 -1117 -1118 1119
v -1120 -1121 -1122 -1123 -1124 -1125 -1126 -1127
v -1128 -1129 -1130 1131 -1132 -1133 -1134 -1135
v -1136 -1137 -1138 -1139 -1140 -1141 -1142 -1143
v -1144 -1145 -1146 -1147 -1148 -1149 -1150 -1151
v -1152 -1153 -1154 -1155 -1156 -1157 -1158 -1159
v -1160 -1161 -1162 -1163 -1164 -1165 -1166 -1167
v -1168 -1169 -1170 -1171 -1172 -1173 -1174 -1175
v 1176 -1177 -1178 -1179 -1180 -1181 -1182 -1183
v -1184 -1185 -1186 -1187 -1188 -1189 -1190 -1191
v -1192 -1193 -1194 -1195 -1196 -1197 -1198 -1199
v -1200 -1201 -1202 -1203 -1204 -1205 -1206 -1207
v -1208 -1209 -1210 -1211 -1212 -1213 -1214 -1215
v -1216 -1217 -1218 -1219 -1220 -1221 -1222 -1223
v -1224 -1225 -1226 -1227 -1228 -1229 -1230 -1231
v -1232 -1233 -1234 -1235 -1236 -1237 -1238 -1239
v -1240 -1241 -1242 -1243 -1244 -1245 -1246 -1247
v -1248 -1249 -1250 -1251 -1252 -1253 -1254 -1255
v -1256 -1257 -1258 -1259 -1260 -1261 -1262 -1263
v -1264 -1265 -1266 -1267 -1268 -1269 -1270 -1271
v -1272 -1273 -1274 -1275 -1276 -1277 -1278 -1279
v -1280 -1281 -1282 -1283 -1284 -1285 1286 1287
v 1288 -1289 -1290 -1291 -1292 -1293 -1294 -1295
v -1296 -1297 -1298 -1299 -1300 -1301 -1302 -1303
v -1304 -1305 -1306 -1307 -1308 -1309 -1310 -1311
v -1312 -1313 -1314 -1315 -1316 -1317 -1318 -1319
v -1320 -1321 -1322 -1323 -1324 -1325 -1326 -1327
v -1328 -1329 -1330 -1331 -1332 -1333 -1334 -1335
v -1336 -1337 -1338 -1339 -1340 -1341 -1342 -1343
v -1344 -1345 -1346 -1347 -1348 -1349 -1350 -1351
v -1352 -1353 -1354 -1355 -1356 -1357 1358 -1359
v -1360 -1361 -1362 -1363 -1364 -1365 -1366 -1367
v -1368 -1369 -1370 -1371 -1372 -1373 -1374 -1375
v -1376 -1377 -1378 -1379 -1380 -1381 -1382 -1383
v -1384 -1385 -1386 -1387 -1388 -1389 -1390 -1391
v -1392 -1393 -1394 -1395 -1396 -1397 -1398 -1399
v -1400 -1401 -1402 -1403 -1404 -1405 -1406 -1407
v -1408 -1409 -1410 -1411 -1412 -1413 -1414 -1415
v -1416 -1417 -1418 -1419 -1420 -1421 -1422 -1423
v -1424 -1425 -1426 -1427 -1428 -1429 -1430 -1431
v -1432 -1433 -1434 -1435 -1436 -1437 -1438 -1439
v -1440 -1441 -1442 -1443 -1444 -1445 -1446 -1447
v -1448 -1449 -1450 -1451 -1452 -1453 -1454 -1455
v -1456 -1457 -1458 -1459 -1460 1461 1462 1463
v -1464 -1465 -1466 -1467 -1468 -1469 -1470 -1471
v -1472 -1473 1474 -1475 -1476 -1477 -1478 -1479
v -1480 -1481 -1482 -1483 -1484 -1485 -1486 -1487
v -1488 -1489 -1490 -1491 -1492 -1493 -1494 -1495
v -1496 -1497 -1498 -1499 -1500 -1501 -1502 -1503
v -1504 -1505 -1506 -1507 -1508 -1509 -1510 -1511
v -1512 -1513 -1514 -1515 -1516 -1517 -1518 -1519
v -1520 -1521 -1522 -1523 -1524 -1525 -1526 -1527
v -1528 -1529 -1530 -1531 -1532 -1533 -1534 -1535
v -1536 -1537 -1538 -1539 -1540 -1541 -1542 -1543
v -1544 -1545 -1546 -1547 -1548 -1549 -1550 -1551
v -1552 -1553 -1554 -1555 -1556 -1557 -1558 -1559
v -1560 -1561 -1562 -1563 -1564 -1565 -1566 -1567
v -1568 -1569 -1570 -1571 -1572 -1573 -1574 -1575
v -1576 -1577 -1578 -1579 -1580 -1581 -1582 -1583
v -1584 -1585 -1586 -1587 -1588 -1589 -1590 -1591
v -1592 -1593 -1594 -1595 -1596 -1597 -1598 -1599
v -1600 -1601 -1602 -1603 -1604 -1605 -1606 -1607
v -1608 -1609 -1610 -1611 -1612 -1613 -1614 -1615
v -1616 -1617 -1618 -1619 -1620 -1621 -1622 -1623
v -1624 -1625 -1626 -1627 -1628 -1629 -1630 -1631
v -1632 -1633 -1634 -1635 -1636 -1637 -1638 -1639
v -1640 -1641 -1642 -1643 -1644 -1645 -1646 -1647
v -1648 -1649 -1650 -1651 -1652 -1653 -1654 -1655
v -1656 1657 -1658 -1659 -1660 -1661 -1662 -1663
v -1664 -1665 -1666 -1667 -1668 -1669 -1670 -1671
v -1672 -1673 -1674 -1675 -1676 -1677 -1678 -1679
v -1680 -1681 -1682 -1683 -1684 -1685 -1686 -1687
v -1688 -1689 -1690 -1691 -1692 -1693 -1694 -1695
v -1696 -1697 -1698 -1699 -1700 -1701 -1702 -1703
v -1704 -1705 -1706 -1707 -1708 -1709 -1710 -1711
v -1712 -1713 -1714 -1715 -1716 -1717 -1718 -1719
v -1720 -1721 -1722 -1723 -1724 -1725 -1726 -1727
v -1728 -1729 -1730 -1731 -1732 -1733 -1734 -1735
v -1736 -1737 -1738 -1739 -1740 -1741 -1742 -1743
v -1744 -1745 -1746 -1747 -1748 -1749 -1750 -1751
v -1752 -1753 -1754 -1755 -1756 -1757 -1758 -1759
v -1760 -1761 -1762 -1763 -1764 -1765 -1766 -1767
v -1768 -1769 -1770 -1771 -1772 -1773 -1774 -1775
v -1776 -1777 -1778 -1779 -1780 -1781 -1782 -1783
v -1784 -1785 -1786 -1787 -1788 -1789 -1790 -1791
v -1792 -1793 -1794 -1795 -1796 -1797 -1798 -1799
v -1800 -1801 -1802 -1803 -1804 -1805 -1806 -1807
v -1808 -1809 -1810 1811 -1812 -1813 -1814 -1815
v -1816 -1817 -1818 -1819 -1820 -1821 -1822 -1823
v -1824 -1825 -1826 -1827 -1828 -1829 -1830 -1831
v -1832 -1833 -1834 -1835 -1836 -1837 -1838 -1839
v -1840 -1841 -1842 -1843 -1844 -1845 -1846 -1847
v -1848 -1849 -1850 -1851 -1852 -1853 -1854 -1855
v -1856 -1857 -1858 -1859 -1860 -1861 -1862 -1863
v -1864 -1865 -1866 -1867 -1868 1869 1870 1871
v -1872 -1873 -1874 -1875 -1876 -1877 -1878 -1879
v -1880 -1881 -1882 -1883 -1884 -1885 -1886 -1887
v -1888 -1889 -1890 -1891 -1892 -1893 -1894 -1895
v -1896 -1897 -1898 -1899 -1900 -1901 -1902 -1903
v -1904 -1905 -1906 -1907 -1908 -1909 -1910 -1911
v -1912 -1913 -1914 -1915 -1916 -1917 -1918 -1919
v -1920 -1921 -1922 -1923 -1924 -1925 -1926 -1927
v -1928 -1929 -1930 -1931 -1932 -1933 -1934 -1935
v -1936 -1937 -1938 -1939 -1940 -1941 -1942 -1943
v -1944 -1945 -1946 -1947 -1948 -1949 -1950 -1951
v -1952 -1953 -1954 -1955 -1956 -1957 -1958 -1959
v -1960 -1961 -1962 -1963 -1964 -1965 -1966 -1967
v -1968 -1969 -1970 -1971 -1972 -1973 -1974 -1975
v -1976 -1977 -1978 -1979 -1980 -1981 -1982 -1983
v -1984 -1985 -1986 -1987 -1988 -1989 -1990 -1991
v -1992 -1993 -1994 -1995 -1996 -1997 -1998 -1999
v -2000 -2001 -2002 -2003 -2004 -2005 -2006 -2007
v -2008 -2009 -2010 -2011 -2012 -2013 -2014 -2015
v -2016 -2017 -2018 -2019 -2020 -2021 -2022 -2023
v -2024 -2025 -2026 -2027 -2028 -2029 -2030 -2031
v -2032 -2033 -2034 -2035 -2036 -2037 -2038 -2039
v -2040 -2041 -2042 -2043 -2044 -2045 -2046 -2047
v -2048 -2049 -2050 -2051 -2052 -2053 -2054 -2055
v -2056 -2057 -2058 -2059 -2060 -2061 -2062 -2063
v -2064 -2065 -2066 -2067 -2068 -2069 -2070 -2071
v -2072 -2073 -2074 -2075 -2076 -2077 -2078 -2079
v -2080 -2081 -2082 -2083 -2084 -2085 -2086 -2087
v -2088 -2089 -2090 2091 -2092 -2093 -2094 -2095
v -2096 -2097 -2098 -2099 -2100 -2101 -2102 -2103
v 2104 2105 2106 -2107 -2108 -2109 -2110 -2111
v -2112 -2113 -2114 -2115 -2116 -2117 -2118 -2119
v -2120 -2121 -2122 -2123 -2124 -2125 -2126 -2127
v -2128 -2129 -2130 -2131 -2132 -2133 -2134 -2135
v -2136 -2137 -2138 -2139 -2140 -2141 -2142 -2143
v -2144 -2145 -2146 -2147 -2148 -2149 -2150 -2151
v -2152 -2153 -2154 -2155 -2156 -2157 -2158 -2159
v -2160 -2161 -2162 -2163 -2164 -2165 -2166 -2167
v -2168 -2169 -2170 -2171 -2172 -2173 -2174 -2175
v -2176 -2177 -2178 -2179 -2180 -2181 -2182 -2183
v -2184 -2185 -2186 -2187 -2188 -2189 -2190 -2191
v -2192 -2193 -2194 -2195 -2196 -2197 -2198 -2199
v -2200 -2201 -2202 -2203 -2204 -2205 -2206 -2207
v -2208 -2209 -2210 -2211 -2212 -2213 -2214 -2215
v -2216 -2217 -2218 -2219 -2220 -2221 -2222 -2223
v -2224 -2225 -2226 -2227 -2228 -2229 -2230 -2231
v -2232 -2233 -2234 -2235 -2236 -2237 -2238 -2239
v -2240 -2241 -2242 -2243 -2244 -2245 -2246 -2247
v -2248 -2249 -2250 -2251 -2252 -2253 -2254 -2255
v -2256 -2257 -2258 -2259 -2260 -2261 -2262 -2263
v -2264 -2265 -2266 -2267 -2268 -2269 -2270 -2271
v -2272 -2273 -2274 -2275 -2276 -2277 -2278 -2279
v -2280 -2281 -2282 -2283 -2284 -2285 -2286 -2287
v -2288 -2289 -2290 -2291 -2292 -2293 -2294 -2295
v -2296 -2297 -2298 -2299 -2300 -2301 -2302 -2303
v -2304 -2305 -2306 -2307 -2308 -2309 -2310 -2311
v -2312 -2313 -2314 -2315 -2316 -2317 -2318 -2319
v -2320 -2321 -2322 -2323 -2324 -2325 -2326 -2327
v -2328 -2329 -2330 -2331 -2332 -2333 -2334 -2335
v -2336 -2337 -2338 -2339 -2340 -2341 -2342 -2343
v -2344 -2345 -2346 -2347 -2348 -2349 -2350 2351
v -2352 -2353 -2354 -2355 -2356 -2357 -2358 -2359
v -2360 -2361 -2362 2363 -2364 -2365 -2366 -2367
v -2368 -2369 -2370 -2371 -2372 -2373 -2374 -2375
v -2376 -2377 -2378 -2379 -2380 -2381 -2382 -2383
v -2384 -2385 -2386 -2387 -2388 -2389 -2390 -2391
v -2392 -2393 -2394 -2395 -2396 -2397 -2398 -2399
v -2400 -2401 -2402 -2403 -2404 -2405 -2406 -2407
v -2408 -2409 -2410 -2411 -2412 -2413 -2414 -2415
v -2416 -2417 -2418 -2419 -2420 -2421 -2422 -2423
v -2424 -2425 -2426 -2427 -2428 -2429 -2430 -2431
v -2432 -2433 -2434 -2435 -2436 -2437 -2438 -2439
v -2440 -2441 -2442 -2443 -2444 -2445 -2446 -2447
v -2448 -2449 -2450 -2451 -2452 -2453 -2454 -2455
v -2456 -2457 -2458 -2459 -2460 -2461 -2462 -2463
v -2464 -2465 -2466 -2467 -2468 -2469 -2470 -2471
v -2472 -2473 -2474 -2475 -2476 -2477 -2478 -2479
v -2480 -2481 -2482 -2483 -2484 -2485 -2486 -2487
v -2488 -2489 -2490 -2491 -2492 -2493 -2494 -2495
v -2496 -2497 -2498 -2499 -2500 -2501 -2502 -2503
v -2504 -2505 -2506 -2507 -2508 -2509 -2510 -2511
v -2512 -2513 -2514 -2515 -2516 -2517 -2518 -2519
v -2520 -2521 -2522 -2523 -2524 -2525 -2526 -2527
v -2528 -2529 -2530 -2531 -2532 -2533 -2534 -2535
v -2536 -2537 -2538 -2539 -2540 -2541 -2542 -2543
v -2544 -2545 -2546 -2547 -2548 -2549 -2550 -2551
v -2552 -2553 -2554 -2555 -2556 -2557 -2558 -2559
v -2560 -2561 -2562 -2563 -2564 -2565 -2566 -2567
v -2568 -2569 -2570 -2571 -2572 -2573 -2574 -2575
v -2576 -2577 -2578 -2579 -2580 -2581 -2582 -2583
v -2584 -2585 -2586 -2587 -2588 -2589 -2590 -2591
v -2592 -2593 -2594 -2595 -2596 -2597 -2598 -2599
v -2600 -2601 -2602 -2603 -2604 -2605 -2606 -2607
v -2608 -2609 -2610 -2611 -2612 -2613 -2614 -2615
v -2616 -2617 -2618 2619 -2620 -2621 -2622 -2623
v -2624 -2625 -2626 -2627 -2628 -2629 -2630 -2631
v -2632 -2633 -2634 -2635 -2636 -2637 -2638 2639
v 2640 2641 2642 2643 2644 2645 2646 2647
v 2648 2649 2650 -2651 -2652 2653 2654 2655
v 2656 -2657 -2658 2659 2660 2661 2662 2663
v 2664 2665 2666 2667 2668 2669 2670 2671
v 2672 2673 2674 2675 2676 2677 2678 2679
v 2680 2681 2682 -2683 2684 2685 2686 2687
v 2688 2689 2690 2691 2692 2693 2694 2695
v -2696 2697 2698 2699 2700 2701 -2702 -2703
v -2704 2705 2706 -2707 2708 2709 -2710 -2711
v -2712 -2713 -2714 -2715 -2716 -2717 -2718 -2719
v 2720 2721
v 0
c
c 54139 termination checks
c
c units: 293 found, 361 publications, 36151 syncs, 33 flushed
c clauses: 1298008 clauses added, 1291372 collected 99%, 136 gcs
c equivalences: 130 found, 118 syncs
c
c 124035096 decisions, 28076262 conflicts, 32647.4 conflicts/sec
c 34656580350 propagations, 4.0 megaprops/sec
c 3407.2 process time, 99% utilization
c
c 860.0 seconds, 736.6 MB
